2011/06/27 12:12:16 [error] [php] Undefined variable: username (C:\Aks\webRoot\projects\sup\protected\controllers\BMController.php:63)
Stack trace:
#0 C:\Aks\webRoot\projects\sup\framework\web\CController.php(278): BMController->runAction()
#1 C:\Aks\webRoot\projects\sup\framework\web\CController.php(257): BMController->runActionWithFilters()
#2 C:\Aks\webRoot\projects\sup\framework\web\CWebApplication.php(328): BMController->run()
#3 C:\Aks\webRoot\projects\sup\framework\web\CWebApplication.php(121): CWebApplication->runController()
#4 C:\Aks\webRoot\projects\sup\framework\base\CApplication.php(155): CWebApplication->processRequest()
#5 C:\Aks\webRoot\projects\sup\public\index.php(13): CWebApplication->run()
REQUEST_URI=/bm/open
in C:\Aks\webRoot\projects\sup\protected\controllers\BMController.php (63)
in C:\Aks\webRoot\projects\sup\public\index.php (13)
2011/06/27 13:04:03 [error] [php] Undefined variable: username (C:\Aks\webRoot\projects\sup\protected\controllers\BMController.php:61)
Stack trace:
#0 C:\Aks\webRoot\projects\sup\framework\web\CController.php(278): BMController->runAction()
#1 C:\Aks\webRoot\projects\sup\framework\web\CController.php(257): BMController->runActionWithFilters()
#2 C:\Aks\webRoot\projects\sup\framework\web\CWebApplication.php(328): BMController->run()
#3 C:\Aks\webRoot\projects\sup\framework\web\CWebApplication.php(121): CWebApplication->runController()
#4 C:\Aks\webRoot\projects\sup\framework\base\CApplication.php(155): CWebApplication->processRequest()
#5 C:\Aks\webRoot\projects\sup\public\index.php(13): CWebApplication->run()
REQUEST_URI=/bm/open
in C:\Aks\webRoot\projects\sup\protected\controllers\BMController.php (61)
in C:\Aks\webRoot\projects\sup\public\index.php (13)
2011/06/27 13:04:13 [error] [php] Undefined variable: username (C:\Aks\webRoot\projects\sup\protected\controllers\BMController.php:61)
Stack trace:
#0 C:\Aks\webRoot\projects\sup\framework\web\CController.php(278): BMController->runAction()
#1 C:\Aks\webRoot\projects\sup\framework\web\CController.php(257): BMController->runActionWithFilters()
#2 C:\Aks\webRoot\projects\sup\framework\web\CWebApplication.php(328): BMController->run()
#3 C:\Aks\webRoot\projects\sup\framework\web\CWebApplication.php(121): CWebApplication->runController()
#4 C:\Aks\webRoot\projects\sup\framework\base\CApplication.php(155): CWebApplication->processRequest()
#5 C:\Aks\webRoot\projects\sup\public\index.php(13): CWebApplication->run()
REQUEST_URI=/bm/open
in C:\Aks\webRoot\projects\sup\protected\controllers\BMController.php (61)
in C:\Aks\webRoot\projects\sup\public\index.php (13)
2011/06/27 16:20:55 [error] [php] Missing argument 1 for Serv2pack::getById(), called in C:\Aks\webRoot\projects\sup\protected\controllers\BMController.php on line 98 and defined (C:\Aks\webRoot\projects\sup\protected\models\Serv2pack.php:30)
Stack trace:
#0 C:\Aks\webRoot\projects\sup\framework\web\CController.php(300): CInlineAction->runWithParams()
#1 C:\Aks\webRoot\projects\sup\framework\web\CController.php(278): BMController->runAction()
#2 C:\Aks\webRoot\projects\sup\framework\web\CController.php(257): BMController->runActionWithFilters()
#3 C:\Aks\webRoot\projects\sup\framework\web\CWebApplication.php(328): BMController->run()
#4 C:\Aks\webRoot\projects\sup\framework\web\CWebApplication.php(121): CWebApplication->runController()
#5 C:\Aks\webRoot\projects\sup\framework\base\CApplication.php(155): CWebApplication->processRequest()
#6 C:\Aks\webRoot\projects\sup\public\index.php(13): CWebApplication->run()
REQUEST_URI=/bm/ordervhost
in C:\Aks\webRoot\projects\sup\protected\models\Serv2pack.php (30)
in C:\Aks\webRoot\projects\sup\protected\controllers\BMController.php (98)
in C:\Aks\webRoot\projects\sup\public\index.php (13)
2011/06/27 16:20:59 [error] [php] Missing argument 1 for Serv2pack::getById(), called in C:\Aks\webRoot\projects\sup\protected\controllers\BMController.php on line 98 and defined (C:\Aks\webRoot\projects\sup\protected\models\Serv2pack.php:30)
Stack trace:
#0 C:\Aks\webRoot\projects\sup\framework\web\CController.php(300): CInlineAction->runWithParams()
#1 C:\Aks\webRoot\projects\sup\framework\web\CController.php(278): BMController->runAction()
#2 C:\Aks\webRoot\projects\sup\framework\web\CController.php(257): BMController->runActionWithFilters()
#3 C:\Aks\webRoot\projects\sup\framework\web\CWebApplication.php(328): BMController->run()
#4 C:\Aks\webRoot\projects\sup\framework\web\CWebApplication.php(121): CWebApplication->runController()
#5 C:\Aks\webRoot\projects\sup\framework\base\CApplication.php(155): CWebApplication->processRequest()
#6 C:\Aks\webRoot\projects\sup\public\index.php(13): CWebApplication->run()
REQUEST_URI=/bm/ordervhost
in C:\Aks\webRoot\projects\sup\protected\models\Serv2pack.php (30)
in C:\Aks\webRoot\projects\sup\protected\controllers\BMController.php (98)
in C:\Aks\webRoot\projects\sup\public\index.php (13)
2011/06/27 16:21:48 [error] [php] Trying to get property of non-object (C:\Aks\webRoot\projects\sup\protected\controllers\BMController.php:99)
Stack trace:
#0 C:\Aks\webRoot\projects\sup\framework\web\CController.php(278): BMController->runAction()
#1 C:\Aks\webRoot\projects\sup\framework\web\CController.php(257): BMController->runActionWithFilters()
#2 C:\Aks\webRoot\projects\sup\framework\web\CWebApplication.php(328): BMController->run()
#3 C:\Aks\webRoot\projects\sup\framework\web\CWebApplication.php(121): CWebApplication->runController()
#4 C:\Aks\webRoot\projects\sup\framework\base\CApplication.php(155): CWebApplication->processRequest()
#5 C:\Aks\webRoot\projects\sup\public\index.php(13): CWebApplication->run()
REQUEST_URI=/bm/ordervhost
in C:\Aks\webRoot\projects\sup\protected\controllers\BMController.php (99)
in C:\Aks\webRoot\projects\sup\public\index.php (13)
2011/06/27 16:21:52 [error] [php] Trying to get property of non-object (C:\Aks\webRoot\projects\sup\protected\controllers\BMController.php:99)
Stack trace:
#0 C:\Aks\webRoot\projects\sup\framework\web\CController.php(278): BMController->runAction()
#1 C:\Aks\webRoot\projects\sup\framework\web\CController.php(257): BMController->runActionWithFilters()
#2 C:\Aks\webRoot\projects\sup\framework\web\CWebApplication.php(328): BMController->run()
#3 C:\Aks\webRoot\projects\sup\framework\web\CWebApplication.php(121): CWebApplication->runController()
#4 C:\Aks\webRoot\projects\sup\framework\base\CApplication.php(155): CWebApplication->processRequest()
#5 C:\Aks\webRoot\projects\sup\public\index.php(13): CWebApplication->run()
REQUEST_URI=/bm/ordervhost
in C:\Aks\webRoot\projects\sup\protected\controllers\BMController.php (99)
in C:\Aks\webRoot\projects\sup\public\index.php (13)
2011/06/27 16:31:57 [error] [exception.CException] exception 'CException' with message 'Serv2pack does not have a method named "dt_beg".' in C:\Aks\webRoot\projects\sup\framework\base\CComponent.php:266
Stack trace:
#0 C:\Aks\webRoot\projects\sup\framework\db\ar\CActiveRecord.php(213): CComponent->__call('dt_beg', Array)
#1 C:\Aks\webRoot\projects\sup\protected\controllers\BMController.php(123): CActiveRecord->__call('dt_beg', Array)
#2 C:\Aks\webRoot\projects\sup\protected\controllers\BMController.php(123): Serv2pack->dt_beg()
#3 C:\Aks\webRoot\projects\sup\framework\web\actions\CInlineAction.php(50): BMController->actionOrderVhost()
#4 C:\Aks\webRoot\projects\sup\framework\web\CController.php(300): CInlineAction->runWithParams(Array)
#5 C:\Aks\webRoot\projects\sup\framework\web\CController.php(278): CController->runAction(Object(CInlineAction))
#6 C:\Aks\webRoot\projects\sup\framework\web\CController.php(257): CController->runActionWithFilters(Object(CInlineAction), Array)
#7 C:\Aks\webRoot\projects\sup\framework\web\CWebApplication.php(328): CController->run('ordervhost')
#8 C:\Aks\webRoot\projects\sup\framework\web\CWebApplication.php(121): CWebApplication->runController('bm/ordervhost')
#9 C:\Aks\webRoot\projects\sup\framework\base\CApplication.php(155): CWebApplication->processRequest()
#10 C:\Aks\webRoot\projects\sup\public\index.php(13): CApplication->run()
#11 {main} REQUEST_URI=/bm/ordervhost
2011/06/27 17:11:32 [error] [php] date() expects at least 1 parameter, 0 given (C:\Aks\webRoot\projects\sup\protected\views\people\card.php:92)
Stack trace:
#0 C:\Aks\webRoot\projects\sup\framework\web\CBaseController.php(88): PeopleController->renderInternal()
#1 C:\Aks\webRoot\projects\sup\framework\web\CController.php(866): PeopleController->renderFile()
#2 C:\Aks\webRoot\projects\sup\protected\controllers\PeopleController.php(127): PeopleController->renderPartial()
#3 C:\Aks\webRoot\projects\sup\framework\web\actions\CInlineAction.php(50): PeopleController->actionCard()
#4 C:\Aks\webRoot\projects\sup\framework\web\CController.php(300): CInlineAction->runWithParams()
#5 C:\Aks\webRoot\projects\sup\framework\web\CController.php(278): PeopleController->runAction()
#6 C:\Aks\webRoot\projects\sup\framework\web\CController.php(257): PeopleController->runActionWithFilters()
#7 C:\Aks\webRoot\projects\sup\framework\web\CWebApplication.php(328): PeopleController->run()
#8 C:\Aks\webRoot\projects\sup\framework\web\CWebApplication.php(121): CWebApplication->runController()
#9 C:\Aks\webRoot\projects\sup\framework\base\CApplication.php(155): CWebApplication->processRequest()
#10 C:\Aks\webRoot\projects\sup\public\index.php(13): CWebApplication->run()
REQUEST_URI=/people/card/2
in C:\Aks\webRoot\projects\sup\protected\views\people\card.php (92)
in C:\Aks\webRoot\projects\sup\protected\controllers\PeopleController.php (127)
in C:\Aks\webRoot\projects\sup\public\index.php (13)
2011/06/27 17:11:33 [error] [php] date() expects at least 1 parameter, 0 given (C:\Aks\webRoot\projects\sup\protected\views\people\card.php:92)
Stack trace:
#0 C:\Aks\webRoot\projects\sup\framework\web\CBaseController.php(88): PeopleController->renderInternal()
#1 C:\Aks\webRoot\projects\sup\framework\web\CController.php(866): PeopleController->renderFile()
#2 C:\Aks\webRoot\projects\sup\protected\controllers\PeopleController.php(127): PeopleController->renderPartial()
#3 C:\Aks\webRoot\projects\sup\framework\web\actions\CInlineAction.php(50): PeopleController->actionCard()
#4 C:\Aks\webRoot\projects\sup\framework\web\CController.php(300): CInlineAction->runWithParams()
#5 C:\Aks\webRoot\projects\sup\framework\web\CController.php(278): PeopleController->runAction()
#6 C:\Aks\webRoot\projects\sup\framework\web\CController.php(257): PeopleController->runActionWithFilters()
#7 C:\Aks\webRoot\projects\sup\framework\web\CWebApplication.php(328): PeopleController->run()
#8 C:\Aks\webRoot\projects\sup\framework\web\CWebApplication.php(121): CWebApplication->runController()
#9 C:\Aks\webRoot\projects\sup\framework\base\CApplication.php(155): CWebApplication->processRequest()
#10 C:\Aks\webRoot\projects\sup\public\index.php(13): CWebApplication->run()
REQUEST_URI=/people/card/2
in C:\Aks\webRoot\projects\sup\protected\views\people\card.php (92)
in C:\Aks\webRoot\projects\sup\protected\controllers\PeopleController.php (127)
in C:\Aks\webRoot\projects\sup\public\index.php (13)
2011/06/27 17:11:35 [error] [php] date() expects at least 1 parameter, 0 given (C:\Aks\webRoot\projects\sup\protected\views\people\card.php:92)
Stack trace:
#0 C:\Aks\webRoot\projects\sup\framework\web\CBaseController.php(88): PeopleController->renderInternal()
#1 C:\Aks\webRoot\projects\sup\framework\web\CController.php(866): PeopleController->renderFile()
#2 C:\Aks\webRoot\projects\sup\protected\controllers\PeopleController.php(127): PeopleController->renderPartial()
#3 C:\Aks\webRoot\projects\sup\framework\web\actions\CInlineAction.php(50): PeopleController->actionCard()
#4 C:\Aks\webRoot\projects\sup\framework\web\CController.php(300): CInlineAction->runWithParams()
#5 C:\Aks\webRoot\projects\sup\framework\web\CController.php(278): PeopleController->runAction()
#6 C:\Aks\webRoot\projects\sup\framework\web\CController.php(257): PeopleController->runActionWithFilters()
#7 C:\Aks\webRoot\projects\sup\framework\web\CWebApplication.php(328): PeopleController->run()
#8 C:\Aks\webRoot\projects\sup\framework\web\CWebApplication.php(121): CWebApplication->runController()
#9 C:\Aks\webRoot\projects\sup\framework\base\CApplication.php(155): CWebApplication->processRequest()
#10 C:\Aks\webRoot\projects\sup\public\index.php(13): CWebApplication->run()
REQUEST_URI=/people/card/2
in C:\Aks\webRoot\projects\sup\protected\views\people\card.php (92)
in C:\Aks\webRoot\projects\sup\protected\controllers\PeopleController.php (127)
in C:\Aks\webRoot\projects\sup\public\index.php (13)
2011/06/27 17:11:36 [error] [php] date() expects at least 1 parameter, 0 given (C:\Aks\webRoot\projects\sup\protected\views\people\card.php:92)
Stack trace:
#0 C:\Aks\webRoot\projects\sup\framework\web\CBaseController.php(88): PeopleController->renderInternal()
#1 C:\Aks\webRoot\projects\sup\framework\web\CController.php(866): PeopleController->renderFile()
#2 C:\Aks\webRoot\projects\sup\protected\controllers\PeopleController.php(127): PeopleController->renderPartial()
#3 C:\Aks\webRoot\projects\sup\framework\web\actions\CInlineAction.php(50): PeopleController->actionCard()
#4 C:\Aks\webRoot\projects\sup\framework\web\CController.php(300): CInlineAction->runWithParams()
#5 C:\Aks\webRoot\projects\sup\framework\web\CController.php(278): PeopleController->runAction()
#6 C:\Aks\webRoot\projects\sup\framework\web\CController.php(257): PeopleController->runActionWithFilters()
#7 C:\Aks\webRoot\projects\sup\framework\web\CWebApplication.php(328): PeopleController->run()
#8 C:\Aks\webRoot\projects\sup\framework\web\CWebApplication.php(121): CWebApplication->runController()
#9 C:\Aks\webRoot\projects\sup\framework\base\CApplication.php(155): CWebApplication->processRequest()
#10 C:\Aks\webRoot\projects\sup\public\index.php(13): CWebApplication->run()
REQUEST_URI=/people/card/2
in C:\Aks\webRoot\projects\sup\protected\views\people\card.php (92)
in C:\Aks\webRoot\projects\sup\protected\controllers\PeopleController.php (127)
in C:\Aks\webRoot\projects\sup\public\index.php (13)
2011/06/27 17:11:37 [error] [php] date() expects at least 1 parameter, 0 given (C:\Aks\webRoot\projects\sup\protected\views\people\card.php:92)
Stack trace:
#0 C:\Aks\webRoot\projects\sup\framework\web\CBaseController.php(88): PeopleController->renderInternal()
#1 C:\Aks\webRoot\projects\sup\framework\web\CController.php(866): PeopleController->renderFile()
#2 C:\Aks\webRoot\projects\sup\protected\controllers\PeopleController.php(127): PeopleController->renderPartial()
#3 C:\Aks\webRoot\projects\sup\framework\web\actions\CInlineAction.php(50): PeopleController->actionCard()
#4 C:\Aks\webRoot\projects\sup\framework\web\CController.php(300): CInlineAction->runWithParams()
#5 C:\Aks\webRoot\projects\sup\framework\web\CController.php(278): PeopleController->runAction()
#6 C:\Aks\webRoot\projects\sup\framework\web\CController.php(257): PeopleController->runActionWithFilters()
#7 C:\Aks\webRoot\projects\sup\framework\web\CWebApplication.php(328): PeopleController->run()
#8 C:\Aks\webRoot\projects\sup\framework\web\CWebApplication.php(121): CWebApplication->runController()
#9 C:\Aks\webRoot\projects\sup\framework\base\CApplication.php(155): CWebApplication->processRequest()
#10 C:\Aks\webRoot\projects\sup\public\index.php(13): CWebApplication->run()
REQUEST_URI=/people/card/2
in C:\Aks\webRoot\projects\sup\protected\views\people\card.php (92)
in C:\Aks\webRoot\projects\sup\protected\controllers\PeopleController.php (127)
in C:\Aks\webRoot\projects\sup\public\index.php (13)
2011/06/27 17:11:37 [error] [php] date() expects at least 1 parameter, 0 given (C:\Aks\webRoot\projects\sup\protected\views\people\card.php:92)
Stack trace:
#0 C:\Aks\webRoot\projects\sup\framework\web\CBaseController.php(88): PeopleController->renderInternal()
#1 C:\Aks\webRoot\projects\sup\framework\web\CController.php(866): PeopleController->renderFile()
#2 C:\Aks\webRoot\projects\sup\protected\controllers\PeopleController.php(127): PeopleController->renderPartial()
#3 C:\Aks\webRoot\projects\sup\framework\web\actions\CInlineAction.php(50): PeopleController->actionCard()
#4 C:\Aks\webRoot\projects\sup\framework\web\CController.php(300): CInlineAction->runWithParams()
#5 C:\Aks\webRoot\projects\sup\framework\web\CController.php(278): PeopleController->runAction()
#6 C:\Aks\webRoot\projects\sup\framework\web\CController.php(257): PeopleController->runActionWithFilters()
#7 C:\Aks\webRoot\projects\sup\framework\web\CWebApplication.php(328): PeopleController->run()
#8 C:\Aks\webRoot\projects\sup\framework\web\CWebApplication.php(121): CWebApplication->runController()
#9 C:\Aks\webRoot\projects\sup\framework\base\CApplication.php(155): CWebApplication->processRequest()
#10 C:\Aks\webRoot\projects\sup\public\index.php(13): CWebApplication->run()
REQUEST_URI=/people/card/2
in C:\Aks\webRoot\projects\sup\protected\views\people\card.php (92)
in C:\Aks\webRoot\projects\sup\protected\controllers\PeopleController.php (127)
in C:\Aks\webRoot\projects\sup\public\index.php (13)
2011/06/27 17:11:37 [error] [php] date() expects at least 1 parameter, 0 given (C:\Aks\webRoot\projects\sup\protected\views\people\card.php:92)
Stack trace:
#0 C:\Aks\webRoot\projects\sup\framework\web\CBaseController.php(88): PeopleController->renderInternal()
#1 C:\Aks\webRoot\projects\sup\framework\web\CController.php(866): PeopleController->renderFile()
#2 C:\Aks\webRoot\projects\sup\protected\controllers\PeopleController.php(127): PeopleController->renderPartial()
#3 C:\Aks\webRoot\projects\sup\framework\web\actions\CInlineAction.php(50): PeopleController->actionCard()
#4 C:\Aks\webRoot\projects\sup\framework\web\CController.php(300): CInlineAction->runWithParams()
#5 C:\Aks\webRoot\projects\sup\framework\web\CController.php(278): PeopleController->runAction()
#6 C:\Aks\webRoot\projects\sup\framework\web\CController.php(257): PeopleController->runActionWithFilters()
#7 C:\Aks\webRoot\projects\sup\framework\web\CWebApplication.php(328): PeopleController->run()
#8 C:\Aks\webRoot\projects\sup\framework\web\CWebApplication.php(121): CWebApplication->runController()
#9 C:\Aks\webRoot\projects\sup\framework\base\CApplication.php(155): CWebApplication->processRequest()
#10 C:\Aks\webRoot\projects\sup\public\index.php(13): CWebApplication->run()
REQUEST_URI=/people/card/2
in C:\Aks\webRoot\projects\sup\protected\views\people\card.php (92)
in C:\Aks\webRoot\projects\sup\protected\controllers\PeopleController.php (127)
in C:\Aks\webRoot\projects\sup\public\index.php (13)
2011/06/27 17:11:39 [error] [php] date() expects at least 1 parameter, 0 given (C:\Aks\webRoot\projects\sup\protected\views\people\card.php:92)
Stack trace:
#0 C:\Aks\webRoot\projects\sup\framework\web\CBaseController.php(88): PeopleController->renderInternal()
#1 C:\Aks\webRoot\projects\sup\framework\web\CController.php(866): PeopleController->renderFile()
#2 C:\Aks\webRoot\projects\sup\protected\controllers\PeopleController.php(127): PeopleController->renderPartial()
#3 C:\Aks\webRoot\projects\sup\framework\web\actions\CInlineAction.php(50): PeopleController->actionCard()
#4 C:\Aks\webRoot\projects\sup\framework\web\CController.php(300): CInlineAction->runWithParams()
#5 C:\Aks\webRoot\projects\sup\framework\web\CController.php(278): PeopleController->runAction()
#6 C:\Aks\webRoot\projects\sup\framework\web\CController.php(257): PeopleController->runActionWithFilters()
#7 C:\Aks\webRoot\projects\sup\framework\web\CWebApplication.php(328): PeopleController->run()
#8 C:\Aks\webRoot\projects\sup\framework\web\CWebApplication.php(121): CWebApplication->runController()
#9 C:\Aks\webRoot\projects\sup\framework\base\CApplication.php(155): CWebApplication->processRequest()
#10 C:\Aks\webRoot\projects\sup\public\index.php(13): CWebApplication->run()
REQUEST_URI=/people/card/2
in C:\Aks\webRoot\projects\sup\protected\views\people\card.php (92)
in C:\Aks\webRoot\projects\sup\protected\controllers\PeopleController.php (127)
in C:\Aks\webRoot\projects\sup\public\index.php (13)
2011/06/27 17:11:44 [error] [php] date() expects at least 1 parameter, 0 given (C:\Aks\webRoot\projects\sup\protected\views\people\card.php:92)
Stack trace:
#0 C:\Aks\webRoot\projects\sup\framework\web\CBaseController.php(88): PeopleController->renderInternal()
#1 C:\Aks\webRoot\projects\sup\framework\web\CController.php(866): PeopleController->renderFile()
#2 C:\Aks\webRoot\projects\sup\protected\controllers\PeopleController.php(127): PeopleController->renderPartial()
#3 C:\Aks\webRoot\projects\sup\framework\web\actions\CInlineAction.php(50): PeopleController->actionCard()
#4 C:\Aks\webRoot\projects\sup\framework\web\CController.php(300): CInlineAction->runWithParams()
#5 C:\Aks\webRoot\projects\sup\framework\web\CController.php(278): PeopleController->runAction()
#6 C:\Aks\webRoot\projects\sup\framework\web\CController.php(257): PeopleController->runActionWithFilters()
#7 C:\Aks\webRoot\projects\sup\framework\web\CWebApplication.php(328): PeopleController->run()
#8 C:\Aks\webRoot\projects\sup\framework\web\CWebApplication.php(121): CWebApplication->runController()
#9 C:\Aks\webRoot\projects\sup\framework\base\CApplication.php(155): CWebApplication->processRequest()
#10 C:\Aks\webRoot\projects\sup\public\index.php(13): CWebApplication->run()
REQUEST_URI=/people/card/2
in C:\Aks\webRoot\projects\sup\protected\views\people\card.php (92)
in C:\Aks\webRoot\projects\sup\protected\controllers\PeopleController.php (127)
in C:\Aks\webRoot\projects\sup\public\index.php (13)
2011/06/27 17:31:08 [error] [php] Undefined offset:  72 (C:\Aks\webRoot\projects\sup\protected\controllers\BMController.php:205)
Stack trace:
#0 C:\Aks\webRoot\projects\sup\framework\web\CController.php(278): BMController->runAction()
#1 C:\Aks\webRoot\projects\sup\framework\web\CController.php(257): BMController->runActionWithFilters()
#2 C:\Aks\webRoot\projects\sup\framework\web\CWebApplication.php(328): BMController->run()
#3 C:\Aks\webRoot\projects\sup\framework\web\CWebApplication.php(121): CWebApplication->runController()
#4 C:\Aks\webRoot\projects\sup\framework\base\CApplication.php(155): CWebApplication->processRequest()
#5 C:\Aks\webRoot\projects\sup\public\index.php(13): CWebApplication->run()
REQUEST_URI=/bm/orderdomain
in C:\Aks\webRoot\projects\sup\protected\controllers\BMController.php (205)
in C:\Aks\webRoot\projects\sup\public\index.php (13)
2011/06/28 12:29:42 [error] [exception.CDbException] exception 'CDbException' with message 'CDbConnection failed to open the DB connection: SQLSTATE[42000] [1049] Unknown database 'sup'' in /home/aks/projects/git/sup/framework/db/CDbConnection.php:348
Stack trace:
#0 /home/aks/projects/git/sup/framework/db/CDbConnection.php(297): CDbConnection->open()
#1 /home/aks/projects/git/sup/framework/db/CDbConnection.php(275): CDbConnection->setActive(true)
#2 /home/aks/projects/git/sup/framework/base/CModule.php(372): CDbConnection->init()
#3 /home/aks/projects/git/sup/framework/base/CApplication.php(426): CModule->getComponent('db')
#4 /home/aks/projects/git/sup/framework/db/ar/CActiveRecord.php(607): CApplication->getDb()
#5 /home/aks/projects/git/sup/framework/db/ar/CActiveRecord.php(2236): CActiveRecord->getDbConnection()
#6 /home/aks/projects/git/sup/framework/db/ar/CActiveRecord.php(371): CActiveRecordMetaData->__construct(Object(People))
#7 /home/aks/projects/git/sup/protected/models/People.php(10): CActiveRecord::model('People')
#8 /home/aks/projects/git/sup/protected/models/People.php(66): People::model()
#9 /home/aks/projects/git/sup/protected/components/UserIdentity.php(22): People::getByLogin('aks')
#10 /home/aks/projects/git/sup/protected/models/LoginForm.php(52): UserIdentity->authenticate()
#11 /home/aks/projects/git/sup/framework/validators/CInlineValidator.php(39): LoginForm->authenticate('password', Array)
#12 /home/aks/projects/git/sup/framework/validators/CValidator.php(192): CInlineValidator->validateAttribute(Object(LoginForm), 'password')
#13 /home/aks/projects/git/sup/framework/base/CModel.php(152): CValidator->validate(Object(LoginForm), NULL)
#14 /home/aks/projects/git/sup/protected/controllers/AppController.php(49): CModel->validate()
#15 /home/aks/projects/git/sup/framework/web/actions/CInlineAction.php(50): AppController->actionLogin()
#16 /home/aks/projects/git/sup/framework/web/CController.php(300): CInlineAction->runWithParams(Array)
#17 /home/aks/projects/git/sup/framework/web/CController.php(278): CController->runAction(Object(CInlineAction))
#18 /home/aks/projects/git/sup/framework/web/CController.php(257): CController->runActionWithFilters(Object(CInlineAction), Array)
#19 /home/aks/projects/git/sup/framework/web/CWebApplication.php(328): CController->run('login')
#20 /home/aks/projects/git/sup/framework/web/CWebApplication.php(121): CWebApplication->runController('app/login')
#21 /home/aks/projects/git/sup/framework/base/CApplication.php(155): CWebApplication->processRequest()
#22 /home/aks/projects/git/sup/public/index.php(13): CApplication->run()
#23 {main} REQUEST_URI=/app/login
2011/06/28 13:23:52 [error] [exception.CHttpException.404] exception 'CHttpException' with message 'Unable to resolve the request "css/radiocheckselect.css".' in /home/aks/projects/git/sup/framework/web/CWebApplication.php:332
Stack trace:
#0 /home/aks/projects/git/sup/framework/web/CWebApplication.php(121): CWebApplication->runController('css/radiochecks...')
#1 /home/aks/projects/git/sup/framework/base/CApplication.php(155): CWebApplication->processRequest()
#2 /home/aks/projects/git/sup/public/index.php(13): CApplication->run()
#3 {main} REQUEST_URI=/css/radiocheckselect.css
2011/06/28 13:23:52 [error] [exception.CHttpException.404] exception 'CHttpException' with message 'Unable to resolve the request "js/init.js".' in /home/aks/projects/git/sup/framework/web/CWebApplication.php:332
Stack trace:
#0 /home/aks/projects/git/sup/framework/web/CWebApplication.php(121): CWebApplication->runController('js/init.js')
#1 /home/aks/projects/git/sup/framework/base/CApplication.php(155): CWebApplication->processRequest()
#2 /home/aks/projects/git/sup/public/index.php(13): CApplication->run()
#3 {main} REQUEST_URI=/js/init.js
2011/06/28 13:23:52 [error] [exception.CHttpException.404] exception 'CHttpException' with message 'Unable to resolve the request "js/init.js".' in /home/aks/projects/git/sup/framework/web/CWebApplication.php:332
Stack trace:
#0 /home/aks/projects/git/sup/framework/web/CWebApplication.php(121): CWebApplication->runController('js/init.js')
#1 /home/aks/projects/git/sup/framework/base/CApplication.php(155): CWebApplication->processRequest()
#2 /home/aks/projects/git/sup/public/index.php(13): CApplication->run()
#3 {main} REQUEST_URI=/js/init.js
2011/06/30 11:41:55 [error] [exception.CHttpException.404] exception 'CHttpException' with message 'Unable to resolve the request "css/radiocheckselect.css".' in /home/aks/projects/git/sup/framework/web/CWebApplication.php:332
Stack trace:
#0 /home/aks/projects/git/sup/framework/web/CWebApplication.php(121): CWebApplication->runController('css/radiochecks...')
#1 /home/aks/projects/git/sup/framework/base/CApplication.php(155): CWebApplication->processRequest()
#2 /home/aks/projects/git/sup/public/index.php(13): CApplication->run()
#3 {main} REQUEST_URI=/css/radiocheckselect.css
